Log started 10/03/2022 at 21:00:41
Preferred installation mode : qt
Trying to init installer in mode qt
Trying to init installer in mode qt
Trying to init installer in mode gtk
Trying to init installer in mode xwindow
Trying to init installer in mode text
Mode text successfully initialized
Preparing to Install
Preparing to Install
Unpacking files
Unpacking files
Executing /usr/bin/lsb_release -i
Script exit code: 0

Script output:
 Distributor ID:	Ubuntu

Script stderr:
 

Creating Uninstaller
Creating uninstaller 25%
Creating uninstaller 50%
Creating uninstaller 75%
Creating uninstaller 100%
Installation completed
Log finished 10/03/2022 at 21:01:58
Exiting with code 0
